
/home/runner/work/exp-thomas-algorithm-iitb/exp-thomas-algorithm-iitb/experiment/simulation/common_libraries/js/ts_components/collapse_step.js
   1:10  warning  'show_step' is defined but never used                 no-unused-vars
   2:5   warning  '$' is not defined                                    no-undef
   3:9   warning  '$' is not defined                                    no-undef
   6:10  warning  'hide_step' is defined but never used                 no-unused-vars
   7:5   warning  '$' is not defined                                    no-undef
   8:9   warning  '$' is not defined                                    no-undef
  11:10  warning  'get_collapse_btn_text' is defined but never used     no-unused-vars
  20:10  warning  'get_collapse_btn_element' is defined but never used  no-unused-vars
  29:10  warning  'hide_all_steps' is defined but never used            no-unused-vars
  31:9   warning  '$' is not defined                                    no-undef

/home/runner/work/exp-thomas-algorithm-iitb/exp-thomas-algorithm-iitb/experiment/simulation/common_libraries/js/ts_components/matrix.js
   27:26  warning  'MathJax' is not defined                                no-undef
   32:7   warning  'Matrix_Without_String' is defined but never used       no-unused-vars
   52:26  warning  'MathJax' is not defined                                no-undef
   56:10  warning  'get_matrix_html' is defined but never used             no-unused-vars
   87:13  warning  'row_html' is assigned a value but never used           no-unused-vars
   99:10  warning  'get_matrix_html_with_title' is defined but never used  no-unused-vars
  131:13  warning  'row_html' is assigned a value but never used           no-unused-vars
  143:10  warning  'convert_2d_to_1d_vector' is defined but never used     no-unused-vars
  156:10  warning  'convert_1d_to_2d_matrix' is defined but never used     no-unused-vars

/home/runner/work/exp-thomas-algorithm-iitb/exp-thomas-algorithm-iitb/experiment/simulation/common_libraries/js/ts_components/pannel.js
  8:7  warning  'Pannel' is defined but never used  no-unused-vars

/home/runner/work/exp-thomas-algorithm-iitb/exp-thomas-algorithm-iitb/experiment/simulation/common_libraries/js/ts_components/questions.js
   6:17  warning  'op1' is assigned a value but never used      no-unused-vars
   7:17  warning  'op2' is assigned a value but never used      no-unused-vars
   8:17  warning  'op3' is assigned a value but never used      no-unused-vars
   9:17  warning  'op4' is assigned a value but never used      no-unused-vars
  94:7   warning  'Question_Options' is defined but never used  no-unused-vars

/home/runner/work/exp-thomas-algorithm-iitb/exp-thomas-algorithm-iitb/experiment/simulation/common_libraries/js/ts_components/tables.js
   19:22  warning  'verify_values' is not defined                                     no-undef
  137:22  warning  'verify_values' is not defined                                     no-undef
  260:7   warning  'Verify_Rows_Cols_6_decimal_places' is defined but never used      no-unused-vars
  311:22  warning  'verify_values' is not defined                                     no-undef
  416:7   warning  'Verify_Rows_Cols_Custom_Fixed_Update1' is defined but never used  no-unused-vars
  468:7   warning  'Show_Table_Custom_Fixed' is defined but never used                no-unused-vars
  506:7   warning  'Verify_Rows_Cols_Strings' is defined but never used               no-unused-vars
  527:22  warning  'verify_values' is not defined                                     no-undef
  663:7   warning  'Display_Table' is defined but never used                          no-unused-vars

/home/runner/work/exp-thomas-algorithm-iitb/exp-thomas-algorithm-iitb/experiment/simulation/common_libraries/js/ts_math_library/general_math_functions.js
    1:10  warning  'verify_values' is defined but never used                   no-unused-vars
   17:10  warning  'random1' is defined but never used                         no-unused-vars
   21:10  warning  'std_deviation' is defined but never used                   no-unused-vars
   26:10  warning  'gauss' is defined but never used                           no-unused-vars
   56:10  warning  'hide_panel' is defined but never used                      no-unused-vars
   63:10  warning  'inverse_matrix' is defined but never used                  no-unused-vars
   96:10  warning  'matrix_multiplication' is defined but never used           no-unused-vars
  113:10  warning  'transpose_matrix' is defined but never used                no-unused-vars
  123:10  warning  'matrix_multiplication_8decimal' is defined but never used  no-unused-vars
  140:10  warning  'adjoint_2x2_matrix' is defined but never used              no-unused-vars
  145:10  warning  'find_deteminant' is defined but never used                 no-unused-vars
  174:10  warning  'get_Submatrix' is defined but never used                   no-unused-vars

/home/runner/work/exp-thomas-algorithm-iitb/exp-thomas-algorithm-iitb/experiment/simulation/common_libraries/js/ts_math_library/regression.js
   1:10  warning  'regression_linear' is defined but never used            no-unused-vars
  18:10  warning  'regression_linear_1variable' is defined but never used  no-unused-vars
  27:10  warning  'regression_linear_2variable' is defined but never used  no-unused-vars
  52:11  warning  'gauss' is not defined                                   no-undef

/home/runner/work/exp-thomas-algorithm-iitb/exp-thomas-algorithm-iitb/experiment/simulation/common_libraries/math.ob.js
  1:745  warning  'b' is already defined  no-redeclare

/home/runner/work/exp-thomas-algorithm-iitb/exp-thomas-algorithm-iitb/experiment/simulation/js/activity1.js
   21:9    warning  'MathJax' is not defined                       no-undef
   27:16   warning  'get_matrix_html_with_title' is not defined    no-undef
   32:16   warning  'get_matrix_html_with_title' is not defined    no-undef
   37:16   warning  'get_matrix_html_with_title' is not defined    no-undef
   43:10   warning  'start_act1' is defined but never used         no-unused-vars
   48:20   warning  'get_collapse_btn_text' is not defined         no-undef
   58:44   warning  'get_matrix_html_with_title' is not defined    no-undef
   58:77   warning  'mat_a' is not defined                         no-undef
   58:180  warning  'get_matrix_html_with_title' is not defined    no-undef
   58:213  warning  'mat_c' is not defined                         no-undef
   63:118  warning  'get_matrix_html_with_title' is not defined    no-undef
   63:151  warning  'mat_c' is not defined                         no-undef
   71:5    warning  'hide_all_steps' is not defined                no-undef
   74:9    warning  'MathJax' is not defined                       no-undef
   76:22   warning  'show_step' is not defined                     no-undef
   78:10   warning  'verify_matrix_a_c' is defined but never used  no-unused-vars
   83:26   warning  'a_vector' is not defined                      no-undef
   84:26   warning  'b_vector' is not defined                      no-undef
   85:26   warning  'c_vector' is not defined                      no-undef
   89:14   warning  'verify_values' is not defined                 no-undef
   89:53   warning  'a_vector' is not defined                      no-undef
   97:14   warning  'verify_values' is not defined                 no-undef
   97:53   warning  'b_vector' is not defined                      no-undef
  105:14   warning  'verify_values' is not defined                 no-undef
  105:53   warning  'c_vector' is not defined                      no-undef
  113:5    warning  'activity2' is not defined                     no-undef
  115:10   warning  'find_l' is defined but never used             no-unused-vars
  116:5    warning  'mat_l' is not defined                         no-undef
  116:13   warning  'lower_L' is not defined                       no-undef
  116:21   warning  'mat_a' is not defined                         no-undef
  117:25   warning  'mat_l' is not defined                         no-undef
  118:29   warning  'mat_l' is not defined                         no-undef
  119:17   warning  'mat_l' is not defined                         no-undef
  120:17   warning  'mat_l' is not defined                         no-undef
  120:42   warning  'mat_l' is not defined                         no-undef
  127:24   warning  'get_matrix_html_with_title' is not defined    no-undef
  127:57   warning  'a_vector' is not defined                      no-undef
  127:105  warning  'get_matrix_html_with_title' is not defined    no-undef
  127:138  warning  'b_vector' is not defined                      no-undef
  127:186  warning  'get_matrix_html_with_title' is not defined    no-undef
  127:219  warning  'c_vector' is not defined                      no-undef
  127:267  warning  'get_matrix_html_with_title' is not defined    no-undef
  127:300  warning  'mat_c' is not defined                         no-undef

/home/runner/work/exp-thomas-algorithm-iitb/exp-thomas-algorithm-iitb/experiment/simulation/js/activity2.js
    1:10   warning  'activity2' is defined but never used         no-unused-vars
   16:5    warning  'maindiv' is not defined                      no-undef
   18:9    warning  'MathJax' is not defined                      no-undef
   21:10   warning  'start_act2' is defined but never used        no-unused-vars
   26:20   warning  'get_matrix_html_with_title' is not defined   no-undef
   31:20   warning  'get_matrix_html_with_title' is not defined   no-undef
   36:20   warning  'get_matrix_html_with_title' is not defined   no-undef
   41:20   warning  'get_matrix_html_with_title' is not defined   no-undef
   46:20   warning  'get_collapse_btn_text' is not defined        no-undef
   52:15   warning  'get_matrix_html_with_title' is not defined   no-undef
   52:48   warning  'a_vector' is not defined                     no-undef
   52:96   warning  'get_matrix_html_with_title' is not defined   no-undef
   52:129  warning  'b_vector' is not defined                     no-undef
   52:177  warning  'get_matrix_html_with_title' is not defined   no-undef
   52:210  warning  'c_vector' is not defined                     no-undef
   52:258  warning  'get_matrix_html_with_title' is not defined   no-undef
   52:291  warning  'mat_c' is not defined                        no-undef
   64:5    warning  'maindiv' is not defined                      no-undef
   65:5    warning  'hide_all_steps' is not defined               no-undef
   68:9    warning  'MathJax' is not defined                      no-undef
   70:22   warning  'show_step' is not defined                    no-undef
   73:5    warning  'a_vector' is not defined                     no-undef
   73:16   warning  'convert_2d_to_1d_vector' is not defined      no-undef
   73:40   warning  'a_vector' is not defined                     no-undef
   74:5    warning  'b_vector' is not defined                     no-undef
   74:16   warning  'convert_2d_to_1d_vector' is not defined      no-undef
   74:40   warning  'b_vector' is not defined                     no-undef
   75:5    warning  'c_vector' is not defined                     no-undef
   75:16   warning  'convert_2d_to_1d_vector' is not defined      no-undef
   75:40   warning  'c_vector' is not defined                     no-undef
   76:5    warning  'mat_c' is not defined                        no-undef
   76:13   warning  'convert_2d_to_1d_vector' is not defined      no-undef
   76:37   warning  'mat_c' is not defined                        no-undef
   77:5    warning  'mat_x' is not defined                        no-undef
   77:13   warning  'tdma' is not defined                         no-undef
   77:18   warning  'a_vector' is not defined                     no-undef
   77:28   warning  'b_vector' is not defined                     no-undef
   77:38   warning  'c_vector' is not defined                     no-undef
   77:48   warning  'mat_c' is not defined                        no-undef
   78:5    warning  'a_vector' is not defined                     no-undef
   79:5    warning  'b_vector' is not defined                     no-undef
   79:16   warning  'convert_1d_to_2d_matrix' is not defined      no-undef
   79:40   warning  'b_vector' is not defined                     no-undef
   80:5    warning  'c_vector' is not defined                     no-undef
   80:16   warning  'convert_1d_to_2d_matrix' is not defined      no-undef
   80:40   warning  'c_vector' is not defined                     no-undef
   81:5    warning  'mat_c' is not defined                        no-undef
   81:13   warning  'convert_1d_to_2d_matrix' is not defined      no-undef
   81:37   warning  'mat_c' is not defined                        no-undef
   83:9    warning  'b_vector' is not defined                     no-undef
   83:37   warning  'b_vector' is not defined                     no-undef
   84:9    warning  'mat_c' is not defined                        no-undef
   84:34   warning  'mat_c' is not defined                        no-undef
   87:26   warning  'a_vector' is not defined                     no-undef
   88:26   warning  'b_vector' is not defined                     no-undef
   89:26   warning  'c_vector' is not defined                     no-undef
   90:26   warning  'mat_c' is not defined                        no-undef
   91:26   warning  'mat_x' is not defined                        no-undef
   93:10   warning  'verify_matrix_ut' is defined but never used  no-unused-vars
   99:26   warning  'a_vector' is not defined                     no-undef
  100:26   warning  'b_vector' is not defined                     no-undef
  101:26   warning  'c_vector' is not defined                     no-undef
  102:26   warning  'mat_c' is not defined                        no-undef
  106:14   warning  'verify_values' is not defined                no-undef
  106:53   warning  'a_vector' is not defined                     no-undef
  114:14   warning  'verify_values' is not defined                no-undef
  114:53   warning  'b_vector' is not defined                     no-undef
  122:14   warning  'verify_values' is not defined                no-undef
  122:53   warning  'c_vector' is not defined                     no-undef
  130:14   warning  'verify_values' is not defined                no-undef
  130:53   warning  'mat_c' is not defined                        no-undef
  138:5    warning  'activity3' is not defined                    no-undef
  143:11   warning  'get_matrix_html_with_title' is not defined   no-undef
  143:44   warning  'a_vector' is not defined                     no-undef
  144:11   warning  'get_matrix_html_with_title' is not defined   no-undef
  144:44   warning  'b_vector' is not defined                     no-undef
  145:11   warning  'get_matrix_html_with_title' is not defined   no-undef
  145:44   warning  'c_vector' is not defined                     no-undef
  146:11   warning  'get_matrix_html_with_title' is not defined   no-undef
  146:44   warning  'mat_c' is not defined                        no-undef

/home/runner/work/exp-thomas-algorithm-iitb/exp-thomas-algorithm-iitb/experiment/simulation/js/activity3.js
   1:10   warning  'activity3' is defined but never used         no-unused-vars
  16:5    warning  'maindiv' is not defined                      no-undef
  18:9    warning  'MathJax' is not defined                      no-undef
  21:10   warning  'start_act3' is defined but never used        no-unused-vars
  26:27   warning  'get_matrix_html' is not defined              no-undef
  31:20   warning  'get_collapse_btn_text' is not defined        no-undef
  36:44   warning  'get_matrix_html_with_title' is not defined   no-undef
  36:77   warning  'a_vector' is not defined                     no-undef
  36:125  warning  'get_matrix_html_with_title' is not defined   no-undef
  36:158  warning  'b_vector' is not defined                     no-undef
  36:206  warning  'get_matrix_html_with_title' is not defined   no-undef
  36:239  warning  'c_vector' is not defined                     no-undef
  36:287  warning  'get_matrix_html_with_title' is not defined   no-undef
  36:320  warning  'mat_c' is not defined                        no-undef
  50:5    warning  'maindiv' is not defined                      no-undef
  51:5    warning  'hide_all_steps' is not defined               no-undef
  53:9    warning  'MathJax' is not defined                      no-undef
  55:22   warning  'show_step' is not defined                    no-undef
  57:10   warning  'verify_matrix_bs' is defined but never used  no-unused-vars
  60:32   warning  'mat_x' is not defined                        no-undef
  64:14   warning  'verify_values' is not defined                no-undef
  64:53   warning  'mat_x' is not defined                        no-undef
  72:5    warning  'maindiv' is not defined                      no-undef

/home/runner/work/exp-thomas-algorithm-iitb/exp-thomas-algorithm-iitb/experiment/simulation/js/cholesky.js
   1:10  warning  'lower_L' is defined but never used  no-unused-vars
   3:34  warning  'x' is defined but never used        no-unused-vars
   4:5   warning  Unnecessary semicolon                no-extra-semi
  25:10  warning  'get_z' is defined but never used    no-unused-vars
  37:10  warning  'get_x' is defined but never used    no-unused-vars

/home/runner/work/exp-thomas-algorithm-iitb/exp-thomas-algorithm-iitb/experiment/simulation/js/data.js
  30:5  warning  'mat_l' is assigned a value but never used        no-unused-vars
  31:5  warning  'mat_z' is assigned a value but never used        no-unused-vars
  32:5  warning  'mat_trans_l' is assigned a value but never used  no-unused-vars
  63:5  warning  'mat_x' is assigned a value but never used        no-unused-vars

/home/runner/work/exp-thomas-algorithm-iitb/exp-thomas-algorithm-iitb/experiment/simulation/js/gauss_ele.js
  42:10  warning  'gauss_ele' is defined but never used  no-unused-vars

/home/runner/work/exp-thomas-algorithm-iitb/exp-thomas-algorithm-iitb/experiment/simulation/js/screen_size.js
  1:10  warning  'set_screen_size' is defined but never used  no-unused-vars

/home/runner/work/exp-thomas-algorithm-iitb/exp-thomas-algorithm-iitb/experiment/simulation/js/thomas.js
  1:10  warning  'tdma' is defined but never used  no-unused-vars

✖ 209 problems (0 errors, 209 warnings)
  0 errors and 1 warning potentially fixable with the `--fix` option.

